<?xml version="1.0" encoding="utf-8"?><testsuites name="pytest tests"><testsuite name="pytest" errors="0" failures="0" skipped="0" tests="14" time="1.410" timestamp="2026-06-28T16:45:52.860461+00:00" hostname="agent-env-d8efb456-980d-4fc2-a9e8-595147426f85"><testcase classname="backend.tests.test_vortex_api.TestHealth" name="test_root" time="0.545" /><testcase classname="backend.tests.test_vortex_api.TestGames" name="test_list_games" time="0.049" /><testcase classname="backend.tests.test_vortex_api.TestQuantumDraw" name="test_draw_shape[EJ-5-1-50-2-1-12-True]" time="0.048" /><testcase classname="backend.tests.test_vortex_api.TestQuantumDraw" name="test_draw_shape[L649-6-1-49-1-0-9-True]" time="0.045" /><testcase classname="backend.tests.test_vortex_api.TestQuantumDraw" name="test_draw_shape[GS-7-0-9-0-0-0-False]" time="0.187" /><testcase classname="backend.tests.test_vortex_api.TestQuantumDraw" name="test_draw_shape[FR-7-1-38-0-0-0-True]" time="0.046" /><testcase classname="backend.tests.test_vortex_api.TestQuantumDraw" name="test_unknown_game_400" time="0.043" /><testcase classname="backend.tests.test_vortex_api.TestProjects" name="test_projects_total" time="0.045" /><testcase classname="backend.tests.test_vortex_api.TestDrawsCRUD" name="test_create_draw" time="0.048" /><testcase classname="backend.tests.test_vortex_api.TestDrawsCRUD" name="test_create_invalid_short" time="0.043" /><testcase classname="backend.tests.test_vortex_api.TestDrawsCRUD" name="test_create_unknown_game" time="0.044" /><testcase classname="backend.tests.test_vortex_api.TestDrawsCRUD" name="test_list_draws" time="0.047" /><testcase classname="backend.tests.test_vortex_api.TestDrawsCRUD" name="test_analysis" time="0.047" /><testcase classname="backend.tests.test_vortex_api.TestDrawsCRUD" name="test_delete_draw_and_404" time="0.093" /></testsuite></testsuites>